[295]
[2,1,0,4,5][7.5]
[3,2,1,0,4,5][8.5]
[3,2,1,0,4,5][8.5]
[3,2,1,0,4,5][8.5]
[0,4,5][5.5]
[0,4,5][5.5]
[0,4,5][5.5]
[0,4,5][5.5]
[7,3,2,1,0,4,5][13]
[7,3,2,1,0,4,5][13]
[4,5][1]
[4,5][1]
[6,5][1]
[6,5][1]
[5][0]
[5][0]
[157]
[5,6,7,3,2][7.5]
[5,6,7,3,2][7.5]
[5,6,7,3,2][7.5]
[6,7,3,2][6.5]
[6,7,3,2][6.5]
[4,5,6,7,3,2][8.5]
[7,3,2][5.5]
[7,3,2][5.5]
[0,4,5,6,7,3,2][13]
[0,4,5,6,7,3,2][13]
[1,2][1]
[1,2][1]
[1,2][1]
[2][0]
[2][0]
[2][0]
[367]
[1,2,3,7,6][7.5]
[1,2,3,7,6][7.5]
[2,3,7,6][6.5]
[2,3,7,6][6.5]
[2,3,7,6][6.5]
[2,3,7,6][6.5]
[0,1,2,3,7,6][8.5]
[3,7,6][5.5]
[4,0,1,2,3,7,6][13]
[4,0,1,2,3,7,6][13]
[4,0,1,2,3,7,6][13]
[5,6][1]
[6][0]
[6][0]
[6][0]
[6][0]
[379]
[1,2,3,7,6][7.5]
[4,0,1,2,3,7,6][13]
[5,6][1]
[121]
[5,6,7,3,2][7.5]
[6,7,3,2][6.5]
[6,7,3,2][6.5]
[4,5,6,7,3,2][8.5]
[6,7,3,2][6.5]
[6,7,3,2][6.5]
[6,7,3,2][6.5]
[4,5,6,7,3,2][8.5]
[6,7,3,2][6.5]
[0,4,5,6,7,3,2][13]
[3,2][1]
[3,2][1]
[1,2][1]
[3,2][1]
[2][0]
[2][0]
[383]
[1,2,3,7,6][7.5]
[1,2,3,7,6][7.5]
[2,3,7,6][6.5]
[2,3,7,6][6.5]
[2,3,7,6][6.5]
[2,3,7,6][6.5]
[0,1,2,3,7,6][8.5]
[3,7,6][5.5]
[4,0,1,2,3,7,6][13]
[4,0,1,2,3,7,6][13]
[4,0,1,2,3,7,6][13]
[5,6][1]
[6][0]
[6][0]
[6][0]
[6][0]
[115]
[5,6,7,3,2][7.5]
[5,6,7,3,2][7.5]
[4,5,6,7,3,2][8.5]
[4,5,6,7,3,2][8.5]
[6,7,3,2][6.5]
[6,7,3,2][6.5]
[7,3,2][5.5]
[7,3,2][5.5]
[0,4,5,6,7,3,2][13]
[0,4,5,6,7,3,2][13]
[0,4,5,6,7,3,2][13]
[1,2][1]
[3,2][1]
[2][0]
[2][0]
[2][0]
[410]
[0,1,2,3,7][7.5]
[3,7][4.5]
[4,0,1,2,3,7][12]
[4,0,1,2,3,7][12]
[4,0,1,2,3,7][12]
[4,0,1,2,3,7][12]
[5,4,0,1,2,3,7][13]
[5,4,0,1,2,3,7][13]
[6,7][1]
[6,7][1]
[6,7][1]
[7][0]
[7][0]
[7][0]
[7][0]
[7][0]
[335]
[2,1,0,4,5][7.5]
[2,1,0,4,5][7.5]
[2,1,0,4,5][7.5]
[3,2,1,0,4,5][8.5]
[1,0,4,5][6.5]
[1,0,4,5][6.5]
[0,4,5][5.5]
[0,4,5][5.5]
[0,4,5][5.5]
[7,3,2,1,0,4,5][13]
[7,3,2,1,0,4,5][13]
[7,3,2,1,0,4,5][13]
[4,5][1]
[4,5][1]
[4,5][1]
[5][0]
[61]
[7,6,5,4,0,1][8.5]
[7,6,5,4,0,1][8.5]
[5,4,0,1][6.5]
[7,6,5,4,0,1][8.5]
[4,0,1][5.5]
[4,0,1][5.5]
[4,0,1][5.5]
[3,7,6,5,4,0,1][13]
[2,1][1]
[2,1][1]
[0,1][1]
[0,1][1]
[0,1][1]
[2,1][1]
[1][0]
[1][0]
[313]
[2,1,0,4,5][7.5]
[2,1,0,4,5][7.5]
[2,1,0,4,5][7.5]
[3,2,1,0,4,5][8.5]
[3,2,1,0,4,5][8.5]
[7,3,2,1,0,4,5][13]
[6,5][1]
[6,5][1]
[4,5][1]
[5][0]
[280]
[2,1,0,4,5][7.5]
[2,1,0,4,5][7.5]
[2,1,0,4,5][7.5]
[2,1,0,4,5][7.5]
[2,1,0,4,5][7.5]
[2,1,0,4,5][7.5]
[2,1,0,4,5][7.5]
[2,1,0,4,5][7.5]
[2,1,0,4,5][7.5]
[2,1,0,4,5][7.5]
[2,1,0,4,5][7.5]
[2,1,0,4,5][7.5]
[2,1,0,4,5][7.5]
[2,1,0,4,5][7.5]
[2,1,0,4,5][7.5]
[2,1,0,4,5][7.5]
[2,1,0,4,5][7.5]
[2,1,0,4,5][7.5]
[2,1,0,4,5][7.5]
[2,1,0,4,5][7.5]
[1,0,4,5][6.5]
[1,0,4,5][6.5]
[3,2,1,0,4,5][8.5]
[1,0,4,5][6.5]
[3,2,1,0,4,5][8.5]
[1,0,4,5][6.5]
[3,2,1,0,4,5][8.5]
[3,2,1,0,4,5][8.5]
[3,2,1,0,4,5][8.5]
[3,2,1,0,4,5][8.5]
[1,0,4,5][6.5]
[1,0,4,5][6.5]
[1,0,4,5][6.5]
[1,0,4,5][6.5]
[3,2,1,0,4,5][8.5]
[3,2,1,0,4,5][8.5]
[1,0,4,5][6.5]
[1,0,4,5][6.5]
[1,0,4,5][6.5]
[3,2,1,0,4,5][8.5]
[1,0,4,5][6.5]
[3,2,1,0,4,5][8.5]
[1,0,4,5][6.5]
[1,0,4,5][6.5]
[3,2,1,0,4,5][8.5]
[3,2,1,0,4,5][8.5]
[1,0,4,5][6.5]
[3,2,1,0,4,5][8.5]
[1,0,4,5][6.5]
[3,2,1,0,4,5][8.5]
[1,0,4,5][6.5]
[1,0,4,5][6.5]
[1,0,4,5][6.5]
[3,2,1,0,4,5][8.5]
[1,0,4,5][6.5]
[3,2,1,0,4,5][8.5]
[1,0,4,5][6.5]
[3,2,1,0,4,5][8.5]
[1,0,4,5][6.5]
[1,0,4,5][6.5]
[3,2,1,0,4,5][8.5]
[1,0,4,5][6.5]
[3,2,1,0,4,5][8.5]
[3,2,1,0,4,5][8.5]
[3,2,1,0,4,5][8.5]
[3,2,1,0,4,5][8.5]
[3,2,1,0,4,5][8.5]
[3,2,1,0,4,5][8.5]
[3,2,1,0,4,5][8.5]
[3,2,1,0,4,5][8.5]
[1,0,4,5][6.5]
[1,0,4,5][6.5]
[0,4,5][5.5]
[0,4,5][5.5]
[0,4,5][5.5]
[0,4,5][5.5]
[0,4,5][5.5]
[0,4,5][5.5]
[0,4,5][5.5]
[0,4,5][5.5]
[0,4,5][5.5]
[0,4,5][5.5]
[0,4,5][5.5]
[0,4,5][5.5]
[0,4,5][5.5]
[0,4,5][5.5]
[0,4,5][5.5]
[0,4,5][5.5]
[0,4,5][5.5]
[0,4,5][5.5]
[0,4,5][5.5]
[0,4,5][5.5]
[0,4,5][5.5]
[0,4,5][5.5]
[0,4,5][5.5]
[0,4,5][5.5]
[0,4,5][5.5]
[0,4,5][5.5]
[0,4,5][5.5]
[7,3,2,1,0,4,5][13]
[7,3,2,1,0,4,5][13]
[7,3,2,1,0,4,5][13]
[7,3,2,1,0,4,5][13]
[7,3,2,1,0,4,5][13]
[7,3,2,1,0,4,5][13]
[7,3,2,1,0,4,5][13]
[7,3,2,1,0,4,5][13]
[7,3,2,1,0,4,5][13]
[7,3,2,1,0,4,5][13]
[7,3,2,1,0,4,5][13]
[7,3,2,1,0,4,5][13]
[7,3,2,1,0,4,5][13]
[7,3,2,1,0,4,5][13]
[7,3,2,1,0,4,5][13]
[7,3,2,1,0,4,5][13]
[7,3,2,1,0,4,5][13]
[7,3,2,1,0,4,5][13]
[7,3,2,1,0,4,5][13]
[7,3,2,1,0,4,5][13]
[7,3,2,1,0,4,5][13]
[7,3,2,1,0,4,5][13]
[7,3,2,1,0,4,5][13]
[7,3,2,1,0,4,5][13]
[7,3,2,1,0,4,5][13]
[7,3,2,1,0,4,5][13]
[4,5][1]
[4,5][1]
[4,5][1]
[6,5][1]
[4,5][1]
[6,5][1]
[4,5][1]
[4,5][1]
[4,5][1]
[6,5][1]
[4,5][1]
[4,5][1]
[4,5][1]
[6,5][1]
[6,5][1]
[4,5][1]
[6,5][1]
[4,5][1]
[4,5][1]
[6,5][1]
[4,5][1]
[6,5][1]
[6,5][1]
[4,5][1]
[4,5][1]
[6,5][1]
[4,5][1]
[6,5][1]
[6,5][1]
[6,5][1]
[4,5][1]
[6,5][1]
[4,5][1]
[4,5][1]
[6,5][1]
[6,5][1]
[4,5][1]
[4,5][1]
[6,5][1]
[4,5][1]
[6,5][1]
[4,5][1]
[6,5][1]
[6,5][1]
[4,5][1]
[5][0]
[5][0]
[5][0]
[5][0]
[5][0]
[5][0]
[5][0]
[5][0]
[5][0]
[5][0]
[5][0]
[5][0]
[5][0]
[5][0]
[5][0]
[5][0]
[5][0]
[5][0]
[5][0]
[5][0]
[5][0]
[5][0]
[133]
[6,7,3,2][6.5]
[6,7,3,2][6.5]
[6,7,3,2][6.5]
[4,5,6,7,3,2][8.5]
[6,7,3,2][6.5]
[0,4,5,6,7,3,2][13]
[1,2][1]
[3,2][1]
[22]
[7,6,5,4,0][7.5]
[7,6,5,4,0][7.5]
[5,4,0][5.5]
[5,4,0][5.5]
[5,4,0][5.5]
[4,0][4.5]
[3,7,6,5,4,0][12]
[3,7,6,5,4,0][12]
[3,7,6,5,4,0][12]
[2,3,7,6,5,4,0][13]
[1,0][1]
[1,0][1]
[1,0][1]
[1,0][1]
[0][0]
[0][0]
[59]
[6,5,4,0,1][7.5]
[6,5,4,0,1][7.5]
[6,5,4,0,1][7.5]
[7,6,5,4,0,1][8.5]
[5,4,0,1][6.5]
[7,6,5,4,0,1][8.5]
[5,4,0,1][6.5]
[5,4,0,1][6.5]
[4,0,1][5.5]
[4,0,1][5.5]
[4,0,1][5.5]
[3,7,6,5,4,0,1][13]
[2,1][1]
[0,1][1]
[1][0]
[1][0]
[44]
[7,6,5,4,0][7.5]
[7,6,5,4,0][7.5]
[6,5,4,0][6.5]
[6,5,4,0][6.5]
[5,4,0][5.5]
[5,4,0][5.5]
[3,7,6,5,4,0][12]
[3,7,6,5,4,0][12]
[2,3,7,6,5,4,0][13]
[2,3,7,6,5,4,0][13]
[1,0][1]
[1,0][1]
[0][0]
[0][0]
[0][0]
[0][0]
[345]
[1,2,3,7,6][7.5]
[1,2,3,7,6][7.5]
[1,2,3,7,6][7.5]
[1,2,3,7,6][7.5]
[2,3,7,6][6.5]
[0,1,2,3,7,6][8.5]
[0,1,2,3,7,6][8.5]
[3,7,6][5.5]
[3,7,6][5.5]
[3,7,6][5.5]
[4,0,1,2,3,7,6][13]
[5,6][1]
[5,6][1]
[7,6][1]
[5,6][1]
[7,6][1]
[56]
[6,5,4,0,1][7.5]
[6,5,4,0,1][7.5]
[5,4,0,1][6.5]
[7,6,5,4,0,1][8.5]
[7,6,5,4,0,1][8.5]
[5,4,0,1][6.5]
[4,0,1][5.5]
[4,0,1][5.5]
[4,0,1][5.5]
[3,7,6,5,4,0,1][13]
[3,7,6,5,4,0,1][13]
[3,7,6,5,4,0,1][13]
[0,1][1]
[2,1][1]
[0,1][1]
[0,1][1]
[223]
[4,5,6,7,3][7.5]
[4,5,6,7,3][7.5]
[4,5,6,7,3][7.5]
[4,5,6,7,3][7.5]
[4,5,6,7,3][7.5]
[4,5,6,7,3][7.5]
[4,5,6,7,3][7.5]
[4,5,6,7,3][7.5]
[4,5,6,7,3][7.5]
[4,5,6,7,3][7.5]
[4,5,6,7,3][7.5]
[4,5,6,7,3][7.5]
[4,5,6,7,3][7.5]
[4,5,6,7,3][7.5]
[4,5,6,7,3][7.5]
[4,5,6,7,3][7.5]
[4,5,6,7,3][7.5]
[4,5,6,7,3][7.5]
[4,5,6,7,3][7.5]
[4,5,6,7,3][7.5]
[4,5,6,7,3][7.5]
[4,5,6,7,3][7.5]
[4,5,6,7,3][7.5]
[4,5,6,7,3][7.5]
[4,5,6,7,3][7.5]
[4,5,6,7,3][7.5]
[4,5,6,7,3][7.5]
[4,5,6,7,3][7.5]
[4,5,6,7,3][7.5]
[4,5,6,7,3][7.5]
[4,5,6,7,3][7.5]
[4,5,6,7,3][7.5]
[4,5,6,7,3][7.5]
[4,5,6,7,3][7.5]
[4,5,6,7,3][7.5]
[4,5,6,7,3][7.5]
[4,5,6,7,3][7.5]
[4,5,6,7,3][7.5]
[4,5,6,7,3][7.5]
[4,5,6,7,3][7.5]
[4,5,6,7,3][7.5]
[4,5,6,7,3][7.5]
[4,5,6,7,3][7.5]
[4,5,6,7,3][7.5]
[4,5,6,7,3][7.5]
[4,5,6,7,3][7.5]
[4,5,6,7,3][7.5]
[4,5,6,7,3][7.5]
[4,5,6,7,3][7.5]
[4,5,6,7,3][7.5]
[4,5,6,7,3][7.5]
[4,5,6,7,3][7.5]
[4,5,6,7,3][7.5]
[4,5,6,7,3][7.5]
[4,5,6,7,3][7.5]
[5,6,7,3][6.5]
[5,6,7,3][6.5]
[5,6,7,3][6.5]
[5,6,7,3][6.5]
[5,6,7,3][6.5]
[5,6,7,3][6.5]
[5,6,7,3][6.5]
[5,6,7,3][6.5]
[5,6,7,3][6.5]
[5,6,7,3][6.5]
[5,6,7,3][6.5]
[5,6,7,3][6.5]
[5,6,7,3][6.5]
[5,6,7,3][6.5]
[5,6,7,3][6.5]
[5,6,7,3][6.5]
[5,6,7,3][6.5]
[5,6,7,3][6.5]
[5,6,7,3][6.5]
[5,6,7,3][6.5]
[5,6,7,3][6.5]
[5,6,7,3][6.5]
[5,6,7,3][6.5]
[5,6,7,3][6.5]
[5,6,7,3][6.5]
[5,6,7,3][6.5]
[5,6,7,3][6.5]
[5,6,7,3][6.5]
[5,6,7,3][6.5]
[5,6,7,3][6.5]
[5,6,7,3][6.5]
[5,6,7,3][6.5]
[5,6,7,3][6.5]
[5,6,7,3][6.5]
[5,6,7,3][6.5]
[5,6,7,3][6.5]
[5,6,7,3][6.5]
[5,6,7,3][6.5]
[5,6,7,3][6.5]
[5,6,7,3][6.5]
[5,6,7,3][6.5]
[5,6,7,3][6.5]
[5,6,7,3][6.5]
[5,6,7,3][6.5]
[5,6,7,3][6.5]
[5,6,7,3][6.5]
[5,6,7,3][6.5]
[5,6,7,3][6.5]
[5,6,7,3][6.5]
[6,7,3][5.5]
[6,7,3][5.5]
[6,7,3][5.5]
[6,7,3][5.5]
[6,7,3][5.5]
[6,7,3][5.5]
[6,7,3][5.5]
[6,7,3][5.5]
[6,7,3][5.5]
[6,7,3][5.5]
[6,7,3][5.5]
[6,7,3][5.5]
[6,7,3][5.5]
[6,7,3][5.5]
[6,7,3][5.5]
[6,7,3][5.5]
[6,7,3][5.5]
[6,7,3][5.5]
[6,7,3][5.5]
[6,7,3][5.5]
[6,7,3][5.5]
[6,7,3][5.5]
[6,7,3][5.5]
[6,7,3][5.5]
[6,7,3][5.5]
[6,7,3][5.5]
[6,7,3][5.5]
[6,7,3][5.5]
[6,7,3][5.5]
[6,7,3][5.5]
[6,7,3][5.5]
[6,7,3][5.5]
[6,7,3][5.5]
[6,7,3][5.5]
[6,7,3][5.5]
[6,7,3][5.5]
[6,7,3][5.5]
[6,7,3][5.5]
[6,7,3][5.5]
[6,7,3][5.5]
[6,7,3][5.5]
[6,7,3][5.5]
[6,7,3][5.5]
[6,7,3][5.5]
[6,7,3][5.5]
[6,7,3][5.5]
[6,7,3][5.5]
[6,7,3][5.5]
[6,7,3][5.5]
[6,7,3][5.5]
[6,7,3][5.5]
[6,7,3][5.5]
[6,7,3][5.5]
[7,3][4.5]
[7,3][4.5]
[7,3][4.5]
[7,3][4.5]
[7,3][4.5]
[7,3][4.5]
[7,3][4.5]
[7,3][4.5]
[7,3][4.5]
[7,3][4.5]
[7,3][4.5]
[7,3][4.5]
[7,3][4.5]
[7,3][4.5]
[7,3][4.5]
[7,3][4.5]
[7,3][4.5]
[7,3][4.5]
[7,3][4.5]
[7,3][4.5]
[7,3][4.5]
[7,3][4.5]
[7,3][4.5]
[7,3][4.5]
[7,3][4.5]
[7,3][4.5]
[7,3][4.5]
[7,3][4.5]
[7,3][4.5]
[7,3][4.5]
[7,3][4.5]
[7,3][4.5]
[7,3][4.5]
[7,3][4.5]
[7,3][4.5]
[7,3][4.5]
[7,3][4.5]
[7,3][4.5]
[7,3][4.5]
[7,3][4.5]
[7,3][4.5]
[7,3][4.5]
[7,3][4.5]
[7,3][4.5]
[7,3][4.5]
[7,3][4.5]
[7,3][4.5]
[7,3][4.5]
[7,3][4.5]
[7,3][4.5]
[7,3][4.5]
[7,3][4.5]
[0,4,5,6,7,3][12]
[0,4,5,6,7,3][12]
[0,4,5,6,7,3][12]
[0,4,5,6,7,3][12]
[0,4,5,6,7,3][12]
[0,4,5,6,7,3][12]
[0,4,5,6,7,3][12]
[0,4,5,6,7,3][12]
[0,4,5,6,7,3][12]
[0,4,5,6,7,3][12]
[0,4,5,6,7,3][12]
[0,4,5,6,7,3][12]
[0,4,5,6,7,3][12]
[0,4,5,6,7,3][12]
[0,4,5,6,7,3][12]
[0,4,5,6,7,3][12]
[0,4,5,6,7,3][12]
[0,4,5,6,7,3][12]
[0,4,5,6,7,3][12]
[0,4,5,6,7,3][12]
[0,4,5,6,7,3][12]
[0,4,5,6,7,3][12]
[0,4,5,6,7,3][12]
[0,4,5,6,7,3][12]
[0,4,5,6,7,3][12]
[0,4,5,6,7,3][12]
[0,4,5,6,7,3][12]
[0,4,5,6,7,3][12]
[0,4,5,6,7,3][12]
[0,4,5,6,7,3][12]
[0,4,5,6,7,3][12]
[0,4,5,6,7,3][12]
[0,4,5,6,7,3][12]
[0,4,5,6,7,3][12]
[0,4,5,6,7,3][12]
[0,4,5,6,7,3][12]
[0,4,5,6,7,3][12]
[0,4,5,6,7,3][12]
[0,4,5,6,7,3][12]
[0,4,5,6,7,3][12]
[0,4,5,6,7,3][12]
[0,4,5,6,7,3][12]
[0,4,5,6,7,3][12]
[0,4,5,6,7,3][12]
[0,4,5,6,7,3][12]
[0,4,5,6,7,3][12]
[0,4,5,6,7,3][12]
[0,4,5,6,7,3][12]
[0,4,5,6,7,3][12]
[0,4,5,6,7,3][12]
[0,4,5,6,7,3][12]
[0,4,5,6,7,3][12]
[1,0,4,5,6,7,3][13]
[1,0,4,5,6,7,3][13]
[1,0,4,5,6,7,3][13]
[1,0,4,5,6,7,3][13]
[1,0,4,5,6,7,3][13]
[1,0,4,5,6,7,3][13]
[1,0,4,5,6,7,3][13]
[1,0,4,5,6,7,3][13]
[1,0,4,5,6,7,3][13]
[1,0,4,5,6,7,3][13]
[1,0,4,5,6,7,3][13]
[1,0,4,5,6,7,3][13]
[1,0,4,5,6,7,3][13]
[1,0,4,5,6,7,3][13]
[1,0,4,5,6,7,3][13]
[1,0,4,5,6,7,3][13]
[1,0,4,5,6,7,3][13]
[1,0,4,5,6,7,3][13]
[1,0,4,5,6,7,3][13]
[1,0,4,5,6,7,3][13]
[1,0,4,5,6,7,3][13]
[1,0,4,5,6,7,3][13]
[1,0,4,5,6,7,3][13]
[1,0,4,5,6,7,3][13]
[1,0,4,5,6,7,3][13]
[1,0,4,5,6,7,3][13]
[1,0,4,5,6,7,3][13]
[1,0,4,5,6,7,3][13]
[1,0,4,5,6,7,3][13]
[1,0,4,5,6,7,3][13]
[1,0,4,5,6,7,3][13]
[1,0,4,5,6,7,3][13]
[1,0,4,5,6,7,3][13]
[1,0,4,5,6,7,3][13]
[1,0,4,5,6,7,3][13]
[1,0,4,5,6,7,3][13]
[1,0,4,5,6,7,3][13]
[1,0,4,5,6,7,3][13]
[1,0,4,5,6,7,3][13]
[1,0,4,5,6,7,3][13]
[1,0,4,5,6,7,3][13]
[1,0,4,5,6,7,3][13]
[1,0,4,5,6,7,3][13]
[1,0,4,5,6,7,3][13]
[1,0,4,5,6,7,3][13]
[1,0,4,5,6,7,3][13]
[1,0,4,5,6,7,3][13]
[1,0,4,5,6,7,3][13]
[2,3][1]
[2,3][1]
[2,3][1]
[2,3][1]
[2,3][1]
[2,3][1]
[2,3][1]
[2,3][1]
[2,3][1]
[2,3][1]
[2,3][1]
[2,3][1]
[2,3][1]
[2,3][1]
[2,3][1]
[2,3][1]
[2,3][1]
[2,3][1]
[2,3][1]
[2,3][1]
[2,3][1]
[2,3][1]
[2,3][1]
[2,3][1]
[2,3][1]
[2,3][1]
[2,3][1]
[2,3][1]
[2,3][1]
[2,3][1]
[2,3][1]
[2,3][1]
[2,3][1]
[2,3][1]
[2,3][1]
[2,3][1]
[2,3][1]
[2,3][1]
[2,3][1]
[2,3][1]
[2,3][1]
[2,3][1]
[2,3][1]
[2,3][1]
[2,3][1]
[2,3][1]
[3][0]
[3][0]
[3][0]
[3][0]
[3][0]
[3][0]
[3][0]
[3][0]
[3][0]
[3][0]
[3][0]
[3][0]
[3][0]
[3][0]
[3][0]
[3][0]
[3][0]
[3][0]
[3][0]
[3][0]
[3][0]
[3][0]
[3][0]
[3][0]
[3][0]
[3][0]
[3][0]
[3][0]
[3][0]
[3][0]
[3][0]
[3][0]
[3][0]
[3][0]
[3][0]
[3][0]
[3][0]
[3][0]
[3][0]
[3][0]
[3][0]
[3][0]
[3][0]
[3][0]
[3][0]
[3][0]
[3][0]
[3][0]
[3][0]
[322]
[2,1,0,4,5][7.5]
[1,0,4,5][6.5]
[3,2,1,0,4,5][8.5]
[1,0,4,5][6.5]
[0,4,5][5.5]
[7,3,2,1,0,4,5][13]
[7,3,2,1,0,4,5][13]
[4,5][1]
[4,5][1]
[6,5][1]
[6,5][1]
[4,5][1]
[6,5][1]
[5][0]
[5][0]
[5][0]
[1]
[7,6,5,4,0][7.5]
[6,5,4,0][6.5]
[6,5,4,0][6.5]
[6,5,4,0][6.5]
[5,4,0][5.5]
[4,0][4.5]
[4,0][4.5]
[3,7,6,5,4,0][12]
[2,3,7,6,5,4,0][13]
[2,3,7,6,5,4,0][13]
[2,3,7,6,5,4,0][13]
[1,0][1]
[1,0][1]
[1,0][1]
[1,0][1]
[1,0][1]
[327]
[2,1,0,4,5][7.5]
[2,1,0,4,5][7.5]
[2,1,0,4,5][7.5]
[1,0,4,5][6.5]
[3,2,1,0,4,5][8.5]
[0,4,5][5.5]
[0,4,5][5.5]
[0,4,5][5.5]
[7,3,2,1,0,4,5][13]
[7,3,2,1,0,4,5][13]
[4,5][1]
[4,5][1]
[6,5][1]
[6,5][1]
[5][0]
[5][0]
[49]
[7,6,5,4,0][7.5]
[6,5,4,0][6.5]
[6,5,4,0][6.5]
[6,5,4,0][6.5]
[5,4,0][5.5]
[4,0][4.5]
[4,0][4.5]
[3,7,6,5,4,0][12]
[2,3,7,6,5,4,0][13]
[2,3,7,6,5,4,0][13]
[2,3,7,6,5,4,0][13]
[1,0][1]
[1,0][1]
[1,0][1]
[1,0][1]
[1,0][1]
[97]
[6,5,4,0,1][11.5]
[6,5,4,0,1][11.5]
[5,4,0,1][10.5]
[5,4,0,1][10.5]
[7,6,5,4,0,1][12.5]
[7,6,5,4,0,1][12.5]
[4,0,1][9.5]
[4,0,1][9.5]
[3,2,1][2]
[3,2,1][2]
[3,2,1][2]
[2,1][1]
[0,1][1]
[0,1][1]
[0,1][1]
[0,1][1]
[85]
[6,5,4,0,1][11.5]
[123]
[5,4,0,1,2][11.5]
[239]
[3,2,1,0,4][11.5]
[205]
[4,5,6,7,3][11.5]
[395]
[0,1,2,3,7][11.5]
[199]
[4,0,1,2,3][7.5]
[5,4,0,1,2,3][8.5]
[5,4,0,1,2,3][8.5]
[5,4,0,1,2,3][8.5]
[6,5,4,0,1,2,3][9.5]
[6,5,4,0,1,2,3][9.5]
[7,6,5,4,0,1,2,3][10.5]
[7,6,5,4,0,1,2,3][10.5]
[0,1,2,3][3]
[0,1,2,3][3]
[1,2,3][2]
[1,2,3][2]
[1,2,3][2]
[2,3][1]
[2,3][1]
[2,3][1]
[204]
[4,0,1,2,3][7.5]
[4,0,1,2,3][7.5]
[4,0,1,2,3][7.5]
[4,0,1,2,3][7.5]
[4,0,1,2,3][7.5]
[4,0,1,2,3][7.5]
[4,0,1,2,3][7.5]
[4,0,1,2,3][7.5]
[4,0,1,2,3][7.5]
[4,0,1,2,3][7.5]
[4,0,1,2,3][7.5]
[4,0,1,2,3][7.5]
[4,0,1,2,3][7.5]
[4,0,1,2,3][7.5]
[4,0,1,2,3][7.5]
[4,0,1,2,3][7.5]
[4,0,1,2,3][7.5]
[4,0,1,2,3][7.5]
[4,0,1,2,3][7.5]
[4,0,1,2,3][7.5]
[4,0,1,2,3][7.5]
[4,0,1,2,3][7.5]
[4,0,1,2,3][7.5]
[4,0,1,2,3][7.5]
[4,0,1,2,3][7.5]
[5,4,0,1,2,3][8.5]
[5,4,0,1,2,3][8.5]
[5,4,0,1,2,3][8.5]
[5,4,0,1,2,3][8.5]
[5,4,0,1,2,3][8.5]
[5,4,0,1,2,3][8.5]
[5,4,0,1,2,3][8.5]
[5,4,0,1,2,3][8.5]
[5,4,0,1,2,3][8.5]
[5,4,0,1,2,3][8.5]
[5,4,0,1,2,3][8.5]
[5,4,0,1,2,3][8.5]
[5,4,0,1,2,3][8.5]
[5,4,0,1,2,3][8.5]
[5,4,0,1,2,3][8.5]
[5,4,0,1,2,3][8.5]
[5,4,0,1,2,3][8.5]
[5,4,0,1,2,3][8.5]
[5,4,0,1,2,3][8.5]
[5,4,0,1,2,3][8.5]
[5,4,0,1,2,3][8.5]
[5,4,0,1,2,3][8.5]
[6,5,4,0,1,2,3][9.5]
[6,5,4,0,1,2,3][9.5]
[6,5,4,0,1,2,3][9.5]
[6,5,4,0,1,2,3][9.5]
[6,5,4,0,1,2,3][9.5]
[6,5,4,0,1,2,3][9.5]
[6,5,4,0,1,2,3][9.5]
[6,5,4,0,1,2,3][9.5]
[6,5,4,0,1,2,3][9.5]
[6,5,4,0,1,2,3][9.5]
[6,5,4,0,1,2,3][9.5]
[6,5,4,0,1,2,3][9.5]
[6,5,4,0,1,2,3][9.5]
[6,5,4,0,1,2,3][9.5]
[6,5,4,0,1,2,3][9.5]
[6,5,4,0,1,2,3][9.5]
[6,5,4,0,1,2,3][9.5]
[6,5,4,0,1,2,3][9.5]
[6,5,4,0,1,2,3][9.5]
[6,5,4,0,1,2,3][9.5]
[7,6,5,4,0,1,2,3][10.5]
[7,6,5,4,0,1,2,3][10.5]
[7,6,5,4,0,1,2,3][10.5]
[7,6,5,4,0,1,2,3][10.5]
[7,6,5,4,0,1,2,3][10.5]
[7,6,5,4,0,1,2,3][10.5]
[7,6,5,4,0,1,2,3][10.5]
[7,6,5,4,0,1,2,3][10.5]
[7,6,5,4,0,1,2,3][10.5]
[7,6,5,4,0,1,2,3][10.5]
[7,6,5,4,0,1,2,3][10.5]
[7,6,5,4,0,1,2,3][10.5]
[7,6,5,4,0,1,2,3][10.5]
[7,6,5,4,0,1,2,3][10.5]
[7,6,5,4,0,1,2,3][10.5]
[7,6,5,4,0,1,2,3][10.5]
[7,6,5,4,0,1,2,3][10.5]
[7,6,5,4,0,1,2,3][10.5]
[7,6,5,4,0,1,2,3][10.5]
[7,6,5,4,0,1,2,3][10.5]
[7,6,5,4,0,1,2,3][10.5]
[7,6,5,4,0,1,2,3][10.5]
[7,6,5,4,0,1,2,3][10.5]
[7,6,5,4,0,1,2,3][10.5]
[7,6,5,4,0,1,2,3][10.5]
[7,6,5,4,0,1,2,3][10.5]
[0,1,2,3][3]
[0,1,2,3][3]
[0,1,2,3][3]
[0,1,2,3][3]
[0,1,2,3][3]
[0,1,2,3][3]
[0,1,2,3][3]
[0,1,2,3][3]
[0,1,2,3][3]
[0,1,2,3][3]
[0,1,2,3][3]
[0,1,2,3][3]
[0,1,2,3][3]
[0,1,2,3][3]
[0,1,2,3][3]
[0,1,2,3][3]
[0,1,2,3][3]
[0,1,2,3][3]
[0,1,2,3][3]
[0,1,2,3][3]
[0,1,2,3][3]
[0,1,2,3][3]
[0,1,2,3][3]
[0,1,2,3][3]
[0,1,2,3][3]
[0,1,2,3][3]
[0,1,2,3][3]
[1,2,3][2]
[1,2,3][2]
[1,2,3][2]
[1,2,3][2]
[1,2,3][2]
[1,2,3][2]
[1,2,3][2]
[1,2,3][2]
[1,2,3][2]
[1,2,3][2]
[1,2,3][2]
[1,2,3][2]
[1,2,3][2]
[1,2,3][2]
[1,2,3][2]
[1,2,3][2]
[1,2,3][2]
[1,2,3][2]
[1,2,3][2]
[1,2,3][2]
[1,2,3][2]
[1,2,3][2]
[1,2,3][2]
[1,2,3][2]
[1,2,3][2]
[1,2,3][2]
[2,3][1]
[2,3][1]
[2,3][1]
[2,3][1]
[2,3][1]
[2,3][1]
[2,3][1]
[2,3][1]
[2,3][1]
[2,3][1]
[2,3][1]
[2,3][1]
[2,3][1]
[2,3][1]
[2,3][1]
[2,3][1]
[2,3][1]
[2,3][1]
[2,3][1]
[2,3][1]
[3][0]
[3][0]
[3][0]
[3][0]
[3][0]
[3][0]
[3][0]
[3][0]
[3][0]
[3][0]
[3][0]
[3][0]
[3][0]
[3][0]
[3][0]
[3][0]
[3][0]
[3][0]
[3][0]
[3][0]
[3][0]
[3][0]
[3][0]
[3][0]
[3][0]
[3][0]
[88]
[4,0,1][9.5]
[369]
[3,7,6][9.5]
[16]
[5,4,0][9.5]
[83]
[4,0,1][9.5]
[66]
[4,0,1][9.5]
[221]
[6,5,4,0,1,2,3][9.5]
[192]
[6,5,4,0,1,2,3][9.5]
[193]
[6,5,4,0,1,2,3][9.5]
[226]
[1,0,4][9.5]
[70]
[4,0,1][9.5]
[197]
[6,5,4,0,1,2,3][9.5]
[279]
[1,0,4][9.5]
[201]
[6,5,4,0,1,2,3][9.5]
[7]
[5,4,0][9.5]
[55]
[5,4,0][9.5]
[6]
[5,4,0][9.5]
[3]
[5,4,0][9.5]
[206]
[6,5,4,0,1,2,3][9.5]
[3][0]
[93]
[4,0,1][9.5]
[269]
[1,0,4][9.5]
[271]
[1,0,4][9.5]
[95]
[4,0,1][9.5]
[213]
[6,5,4,0,1,2,3][9.5]
[15]
[5,4,0][9.5]
[203]
[6,5,4,0,1,2,3][9.5]
[159]
[6,7,3,2][6.5]
[4,5,6,7,3,2][8.5]
[1,2][1]
[200]
[7,3][8.5]
[417]
[3,7][8.5]
[442]
[3,7][8.5]
[218]
[7,3][8.5]
[432]
[3,7][8.5]
[174]
[7,3][8.5]
[195]
[7,3][8.5]
[125]
[6,7,3,2][6.5]
[4,5,6,7,3,2][8.5]
[420]
[1,0,4,5,6,7][8.5]
[76]
[6,5,4,0,1][7.5]
[6,5,4,0,1][7.5]
[7,6,5,4,0,1][8.5]
[7,6,5,4,0,1][8.5]
[5,4,0,1][6.5]
[5,4,0,1][6.5]
[3,2,1][2]
[3,2,1][2]
[0,1][1]
[0,1][1]
[2,1][1]
[0,1][1]
[2,1][1]
[0,1][1]
[1][0]
[1][0]
[144]
[5,6,7,3,2][7.5]
[5,6,7,3,2][7.5]
[5,6,7,3,2][7.5]
[4,5,6,7,3,2][8.5]
[4,5,6,7,3,2][8.5]
[6,7,3,2][6.5]
[4,5,6,7,3,2][8.5]
[6,7,3,2][6.5]
[6,7,3,2][6.5]
[7,3,2][5.5]
[7,3,2][5.5]
[3,2][1]
[3,2][1]
[3,2][1]
[2][0]
[2][0]
[381]
[1,2,3,7,6][7.5]
[118]
[5,6,7,3,2][7.5]
[305]
[2,1,0,4,5][7.5]
[132]
[5,6,7,3,2][7.5]
[312]
[2,1,0,4,5][7.5]
[148]
[5,6,7,3,2][7.5]
[149]
[5,6,7,3,2][7.5]
[168]
[4,5,6,7,3][7.5]
[184]
[4,5,6,7,3][7.5]
[376]
[1,2,3,7,6][7.5]
[6][0]
[378]
[1,2,3,7,6][7.5]
[359]
[1,2,3,7,6][7.5]
[385]
[1,2,3,7,6][7.5]
[1,2,3,7,6][7.5]
[390]
[1,2,3,7,6][7.5]
[365]
[1,2,3,7,6][7.5]
[397]
[0,1,2,3,7][7.5]
[409]
[0,1,2,3,7][7.5]
[412]
[0,1,2,3,7][7.5]
[416]
[0,1,2,3,7][7.5]
[433]
[0,1,2,3,7][7.5]
[451]
[0,1,2,3,7][7.5]
[307]
[2,1,0,4,5][7.5]
[356]
[1,2,3,7,6][7.5]
[311]
[2,1,0,4,5][7.5]
[102]
[6,5,4,0,1][7.5]
[11]
[7,6,5,4,0][7.5]
[355]
[1,2,3,7,6][7.5]
[54]
[7,6,5,4,0][7.5]
[8]
[7,6,5,4,0][7.5]
[346]
[1,2,3,7,6][7.5]
[344]
[1,2,3,7,6][7.5]
[3,7,6][5.5]
[29]
[7,6,5,4,0][7.5]
[340]
[1,2,3,7,6][7.5]
[2,3,7,6][6.5]
[31]
[7,6,5,4,0][7.5]
[323]
[2,1,0,4,5][7.5]
[12]
[7,6,5,4,0][7.5]
[315]
[2,1,0,4,5][7.5]
[114]
[5,6,7,3,2][7.5]
[298]
[2,1,0,4,5][7.5]
[207]
[4,5,6,7,3][7.5]
[4,5,6,7,3][7.5]
[4,5,6,7,3][7.5]
[5,6,7,3][6.5]
[5,6,7,3][6.5]
[6,7,3][5.5]
[6,7,3][5.5]
[7,3][4.5]
[7,3][4.5]
[0,1,2,3][3]
[0,1,2,3][3]
[0,1,2,3][3]
[2,3][1]
[3][0]
[3][0]
[3][0]
[270]
[3,2,1,0,4][7.5]
[268]
[3,2,1,0,4][7.5]
[245]
[3,2,1,0,4][7.5]
[241]
[3,2,1,0,4][7.5]
[194]
[4,5,6,7,3][7.5]
[234]
[3,2,1,0,4][7.5]
[0,4][4.5]
[220]
[4,5,6,7,3][7.5]
[4,5,6,7,3][7.5]
[4,5,6,7,3][7.5]
[5,6,7,3][6.5]
[5,6,7,3][6.5]
[5,6,7,3][6.5]
[6,7,3][5.5]
[6,7,3][5.5]
[6,7,3][5.5]
[7,3][4.5]
[7,3][4.5]
[2,3][1]
[2,3][1]
[3][0]
[3][0]
[3][0]
[212]
[4,5,6,7,3][7.5]
[292]
[1,0,4,5][6.5]
[75]
[7,3,2,1][6.5]
[1][0]
[73]
[7,3,2,1][6.5]
[290]
[3,7,6,5][6.5]
[0,4,5][5.5]
[7,6,5][2]
[7,6,5][2]
[7,6,5][2]
[7,6,5][2]
[7,6,5][2]
[4,5][1]
[4,5][1]
[6,5][1]
[6,5][1]
[4,5][1]
[4,5][1]
[6,5][1]
[5][0]
[5][0]
[288]
[1,0,4,5][6.5]
[450]
[1,2,3,7][6.5]
[325]
[3,7,6,5][6.5]
[78]
[7,3,2,1][6.5]
[120]
[4,0,1,2][6.5]
[113]
[4,0,1,2][6.5]
[228]
[2,1,0,4][6.5]
[413]
[1,2,3,7][6.5]
[230]
[2,1,0,4][6.5]
[415]
[1,2,3,7][6.5]
[232]
[2,1,0,4][6.5]
[64]
[5,4,0,1][6.5]
[233]
[2,1,0,4][6.5]
[106]
[5,4,0,1][6.5]
[214]
[5,6,7,3][6.5]
[48]
[6,5,4,0][6.5]
[392]
[1,2,3,7][6.5]
[135]
[6,7,3,2][6.5]
[349]
[0,4,5,6][6.5]
[374]
[0,4,5,6][6.5]
[372]
[0,4,5,6][6.5]
[191]
[5,6,7,3][6.5]
[354]
[2,3,7,6][6.5]
[406]
[1,2,3,7][6.5]
[19]
[6,5,4,0][6.5]
[175]
[5,6,7,3][6.5]
[358]
[2,3,7,6][6.5]
[391]
[2,3,7,6][6.5]
[293]
[1,0,4,5][6.5]
[337]
[2,3,7,6][6.5]
[336]
[2,3,7,6][6.5]
[129]
[6,7,3,2][6.5]
[217]
[5,6,7,3][6.5]
[127]
[4,0,1,2][6.5]
[126]
[4,0,1,2][6.5]
[183]
[5,6,7,3][6.5]
[180]
[5,6,7,3][6.5]
[122]
[6,7,3,2][6.5]
[348]
[2,3,7,6][6.5]
[333]
[3,7,6,5][6.5]
[6,5][1]
[141]
[6,7,3,2][6.5]
[80]
[5,4,0,1][6.5]
[119]
[6,7,3,2][6.5]
[310]
[1,0,4,5][6.5]
[32]
[6,5,4,0][6.5]
[243]
[2,1,0,4][6.5]
[96]
[7,3,2,1][6.5]
[65]
[5,4,0,1][6.5]
[98]
[7,3,2,1][6.5]
[41]
[6,5,4,0][6.5]
[100]
[5,4,0,1][6.5]
[237]
[2,1,0,4][6.5]
[273]
[2,1,0,4][6.5]
[145]
[6,7,3,2][6.5]
[211]
[5,6,7,3][6.5]
[7,3][4.5]
[142]
[6,7,3,2][6.5]
[155]
[6,7,3,2][6.5]
[139]
[4,0,1,2][6.5]
[343]
[2,3,7,6][6.5]
[339]
[2,3,7,6][6.5]
[7,6][1]
[154]
[6,7,3,2][6.5]
[384]
[2,3,7,6][6.5]
[10]
[6,5,4,0][6.5]
[151]
[6,7,3,2][6.5]
[386]
[0,4,5,6][6.5]
[388]
[0,4,5,6][6.5]
[81]
[4,0,1][5.5]
[314]
[0,4,5][5.5]
[426]
[2,3,7][5.5]
[421]
[2,3,7][5.5]
[176]
[6,7,3][5.5]
[2,3][1]
[414]
[2,3,7][5.5]
[112]
[7,3,2][5.5]
[366]
[3,7,6][5.5]
[404]
[2,3,7][5.5]
[326]
[0,4,5][5.5]
[17]
[5,4,0][5.5]
[2,1,0][2]
[289]
[0,4,5][5.5]
[285]
[0,4,5][5.5]
[291]
[0,4,5][5.5]
[330]
[0,4,5][5.5]
[352]
[3,7,6][5.5]
[36]
[5,4,0][5.5]
[39]
[5,4,0][5.5]
[301]
[0,4,5][5.5]
[304]
[0,4,5][5.5]
[253]
[1,0,4][5.5]
[7,6,5,4][3]
[179]
[6,7,3][5.5]
[131]
[7,3,2][5.5]
[402]
[2,3,7][5.5]
[134]
[7,3,2][5.5]
[150]
[7,3,2][5.5]
[382]
[3,7,6][5.5]
[86]
[4,0,1][5.5]
[164]
[7,3,2][5.5]
[128]
[7,3,2][5.5]
[316]
[0,4,5][5.5]
[401]
[3,7][4.5]
[276]
[0,4][4.5]
[261]
[0,4][4.5]
[13]
[4,0][4.5]
[266]
[0,4][4.5]
[244]
[0,4][4.5]
[240]
[0,4][4.5]
[449]
[3,7][4.5]
[2]
[4,0][4.5]
[229]
[0,4][4.5]
[251]
[0,4][4.5]
[419]
[3,7][4.5]
[236]
[0,4][4.5]
[30]
[4,0][4.5]
[28]
[4,0][4.5]
[20]
[3,2,1,0][3]
[227]
[7,6,5,4][3]
[427]
[4,5,6,7][3]
[18]
[3,2,1,0][3]
[396]
[4,5,6,7][3]
[405]
[4,5,6,7][3]
[198]
[0,1,2,3][3]
[52]
[3,2,1,0][3]
[407]
[4,5,6,7][3]
[177]
[0,1,2,3][3]
[225]
[7,6,5,4][3]
[4]
[3,2,1,0][3]
[26]
[3,2,1,0][3]
[422]
[4,5,6,7][3]
[27]
[3,2,1,0][3]
[431]
[4,5,6,7][3]
[6,7][1]
[246]
[7,6,5,4][3]
[178]
[0,1,2,3][3]
[265]
[7,6,5,4][3]
[264]
[7,6,5,4][3]
[5,4][1]
[169]
[0,1,2,3][3]
[436]
[4,5,6,7][3]
[248]
[7,6,5,4][3]
[446]
[4,5,6,7][3]
[274]
[7,6,5,4][3]
[258]
[7,6,5,4][3]
[257]
[7,6,5,4][3]
[277]
[7,6,5,4][3]
[252]
[7,6,5,4][3]
[434]
[4,5,6,7][3]
[167]
[0,1,2][2]
[186]
[1,2,3][2]
[161]
[0,1,2][2]
[51]
[2,1,0][2]
[202]
[1,2,3][2]
[208]
[1,2,3][2]
[209]
[1,2,3][2]
[153]
[0,1,2][2]
[147]
[0,1,2][2]
[146]
[0,1,2][2]
[286]
[7,6,5][2]
[140]
[0,1,2][2]
[45]
[2,1,0][2]
[222]
[1,2,3][2]
[3][0]
[58]
[3,2,1][2]
[130]
[0,1,2][2]
[53]
[2,1,0][2]
[172]
[1,2,3][2]
[92]
[3,2,1][2]
[84]
[3,2,1][2]
[90]
[3,2,1][2]
[267]
[6,5,4][2]
[37]
[2,1,0][2]
[91]
[3,2,1][2]
[74]
[3,2,1][2]
[99]
[3,2,1][2]
[72]
[3,2,1][2]
[284]
[7,6,5][2]
[256]
[6,5,4][2]
[259]
[6,5,4][2]
[69]
[3,2,1][2]
[43]
[2,1,0][2]
[238]
[6,5,4][2]
[445]
[5,6,7][2]
[371]
[4,5,6][2]
[350]
[4,5,6][2]
[297]
[7,6,5][2]
[357]
[4,5,6][2]
[444]
[5,6,7][2]
[14]
[2,1,0][2]
[448]
[5,6,7][2]
[360]
[4,5,6][2]
[0]
[2,1,0][2]
[373]
[4,5,6][2]
[35]
[2,1,0][2]
[435]
[5,6,7][2]
[377]
[4,5,6][2]
[347]
[4,5,6][2]
[303]
[7,6,5][2]
[21]
[2,1,0][2]
[63]
[3,2,1][2]
[111]
[3,2,1][2]
[108]
[3,2,1][2]
[247]
[6,5,4][2]
[249]
[6,5,4][2]
[215]
[1,2,3][2]
[429]
[5,6,7][2]
[329]
[7,6,5][2]
[411]
[5,6,7][2]
[332]
[7,6,5][2]
[33]
[2,1,0][2]
[34]
[2,1,0][2]
[321]
[7,6,5][2]
[296]
[6,5][1]
[387]
[7,6][1]
[341]
[5,6][1]
[262]
[5,4][1]
[219]
[2,3][1]
[263]
[5,4][1]
[224]
[5,4][1]
[328]
[4,5][1]
[302]
[4,5][1]
[300]
[4,5][1]
[275]
[5,4][1]
[25]
[1,0][1]
[319]
[6,5][1]
[216]
[2,3][1]
[338]
[7,6][1]
[260]
[5,4][1]
[306]
[6,5][1]
[24]
[1,0][1]
[334]
[4,5][1]
[368]
[5,6][1]
[190]
[2,3][1]
[294]
[4,5][1]
[210]
[2,3][1]
[23]
[1,0][1]
[47]
[1,0][1]
[50]
[1,0][1]
[308]
[4,5][1]
[363]
[7,6][1]
[351]
[7,6][1]
[281]
[6,5][1]
[324]
[6,5][1]
[283]
[4,5][1]
[282]
[6,5][1]
[187]
[2,3][1]
[185]
[2,3][1]
[362]
[5,6][1]
[361]
[7,6][1]
[353]
[7,6][1]
[42]
[1,0][1]
[287]
[4,5][1]
[403]
[6,7][1]
[165]
[3,2][1]
[166]
[3,2][1]
[389]
[7,6][1]
[163]
[3,2][1]
[170]
[2,3][1]
[370]
[5,6][1]
[375]
[7,6][1]
[160]
[3,2][1]
[104]
[0,1][1]
[158]
[1,2][1]
[67]
[2,1][1]
[156]
[1,2][1]
[77]
[0,1][1]
[439]
[6,7][1]
[437]
[6,7][1]
[173]
[2,3][1]
[380]
[5,6][1]
[7,6][1]
[87]
[2,1][1]
[103]
[2,1][1]
[107]
[0,1][1]
[57]
[2,1][1]
[89]
[0,1][1]
[143]
[3,2][1]
[398]
[6,7][1]
[400]
[6,7][1]
[136]
[3,2][1]
[430]
[6,7][1]
[152]
[1,2][1]
[60]
[2,1][1]
[424]
[6,7][1]
[117]
[1,2][1]
[408]
[6,7][1]
[62]
[2,1][1]
[423]
[6,7][1]
[109]
[0,1][1]
[101]
[0,1][1]
[124]
[1,2][1]
[331]
[5][0]
[105]
[1][0]
[137]
[2][0]
[138]
[2][0]
[394]
[7][0]
[393]
[7][0]
[9]
[0][0]
[46]
[0][0]
[342]
[6][0]
[196]
[3][0]
[162]
[2][0]
[231]
[4][0]
[235]
[4][0]
[242]
[4][0]
[116]
[2][0]
[5]
[0][0]
[320]
[5][0]
[318]
[5][0]
[110]
[1][0]
[317]
[5][0]
[40]
[0][0]
[250]
[4][0]
[418]
[7][0]
[79]
[1][0]
[254]
[4][0]
[255]
[4][0]
[309]
[5][0]
[94]
[1][0]
[441]
[7][0]
[299]
[5][0]
[38]
[0][0]
[272]
[4][0]
[82]
[1][0]
[440]
[7][0]
[68]
[1][0]
[189]
[3][0]
[443]
[7][0]
[278]
[4][0]
[447]
[7][0]
[71]
[1][0]
[181]
[3][0]
[399]
[7][0]
[364]
[6][0]
[171]
[3][0]
[182]
[3][0]
[188]
[3][0]
