[Die0,Die1]
[Die0,Die4]
[123,55,7,6,88] 2
[3,93,95,15,97] 2
[85,70,66,83,16] 2
[81,30,28,204] 1
[102,13,76,199] 1
[367,2] 1
[379] 1
[383] 1
[410] 1
[1] 1
[345] 1
[11] 1
[59] 1
[54] 1
[8] 1
[44] 1
[56] 1
[29] 1
[22] 1
[31] 1
[49] 1
[12] 1
[139] 1
[127] 1
[126] 1
[19] 1
[48] 1
[10] 1
[100] 1
[41] 1
[65] 1
[32] 1
[80] 1
[120] 1
[61] 1
[113] 1
[64] 1
[106] 1
[17] 1
[221] 1
[192] 1
[193] 1
[197] 1
[206] 1
[201] 1
[203] 1
[36] 1
[213] 1
[39] 1
[86] 1
[239,226,279,271,269] 2
[301,304,316,314] 1
[253,229,251,236] 1
[240,244,276,266] 1
[223,261] 1
[234] 1
[241] 1
[245] 1
[268] 1
[270] 1
[280] 1
[295] 1
[298] 1
[115] 1
[121] 1
[305] 1
[157] 1
[335] 1
[307] 1
[311] 1
[312] 1
[313] 1
[315] 1
[322] 1
[323] 1
[327] 1
[133] 1
[372] 1
[374] 1
[349] 1
[386] 1
[388] 1
[273] 1
[237] 1
[243] 1
[310] 1
[293] 1
[292] 1
[290] 1
[288] 1
[228] 1
[230] 1
[232] 1
[420] 1
[233] 1
[326] 1
[289] 1
[285] 1
[291] 1
[330] 1
[Die1,Die2]
[Die2,Die3]
[Die3,Die7]
[128,164,150,134] 1
[131,179,112,176] 1
[205,174,200,218,195] 2
[207] 1
[212] 1
[220] 1
[223] 1
[194] 1
[280] 1
[295] 1
[114] 1
[115] 1
[118] 1
[121] 1
[132] 1
[144] 1
[148] 1
[149] 1
[157] 1
[168] 1
[184] 1
[335] 1
[313] 1
[322] 1
[327] 1
[133] 1
[211] 1
[141] 1
[142] 1
[135] 1
[214] 1
[129] 1
[217] 1
[125] 1
[122] 1
[180] 1
[183] 1
[175] 1
[191] 1
[159] 1
[155] 1
[154] 1
[151] 1
[145] 1
[98] 1
[96] 1
[119] 1
[78] 1
[75] 1
[73] 1
[352,382,402,404] 1
[414,421,426,366] 1
[395,369,432,442,417] 2
[367,419,449,401] 1
[376] 1
[378] 1
[379] 1
[381] 1
[383] 1
[385] 1
[390] 1
[365] 1
[397] 1
[409] 1
[410] 1
[412] 1
[416] 1
[433] 1
[451] 1
[1] 1
[340] 1
[344] 1
[345] 1
[346] 1
[355] 1
[356] 1
[359] 1
[59] 1
[44] 1
[56] 1
[22] 1
[49] 1
[339] 1
[343] 1
[392] 1
[406] 1
[337] 1
[336] 1
[333] 1
[348] 1
[358] 1
[354] 1
[391] 1
[384] 1
[290] 1
[450] 1
[325] 1
[61] 1
[413] 1
[415] 1
[Die4,Die5]
[Die5,Die6]
[Die6,Die7]
